

Starting Toontown...
Current time: Sat Apr 13 03:59:30 2019 Central Standard Time
('sys.path = ', ['', 'C:\\Panda3D-1.9.0\\python\\lib\\site-packages\\pytz-2014.2-py2.7.egg', 'C:\\Panda3D-1.9.0\\python\\lib\\site-packages\\ply-3.4-py2.7.egg', 'C:\\Panda3D-1.9.0\\python\\python27.zip', 'C:\\Panda3D-1.10.2', 'C:\\Panda3D-1.9.0\\python\\DLLs', 'C:\\Panda3D-1.9.0\\python\\lib', 'C:\\Panda3D-1.9.0\\python\\lib\\plat-win', 'C:\\Panda3D-1.9.0\\python\\lib\\lib-tk', 'C:\\Panda3D-1.9.0\\python', 'C:\\Panda3D-1.9.0', 'C:\\Panda3D-1.9.0\\bin', 'C:\\Panda3D-1.9.0\\python\\lib\\site-packages'])
('sys.argv = ', ['C:\\Users\\kaleb\\git\\toontown-online\\toontown\\toonbase\\ToontownStart.py'])
TTLocalizer: Running in language: english
from toontown.toonbase.TTLocalizerEnglish import *
Traceback (most recent call last):
  File "C:\Panda3D-1.9.0\python\lib\runpy.py", line 162, in _run_module_as_main
    "__main__", fname, loader, pkg_name)
  File "C:\Panda3D-1.9.0\python\lib\runpy.py", line 72, in _run_code
    exec code in run_globals
  File "C:\Users\kaleb\git\toontown-online\toontown\toonbase\ToontownStart.py", line 21, in <module>
    from toontown.launcher.ToontownDummyLauncher import ToontownDummyLauncher
  File "toontown\launcher\ToontownDummyLauncher.py", line 3, in <module>
    from toontown.launcher.ToontownLauncher import ToontownLauncher
  File "toontown\launcher\ToontownLauncher.py", line 42, in <module>
    from toontown.toonbase import TTLocalizer
  File "toontown\toonbase\TTLocalizer.py", line 40, in <module>
    from toontown.toonbase.TTLocalizerEnglish import *
  File "toontown\toonbase\TTLocalizerEnglish.py", line 9, in <module>
    from otp.otpbase import OTPLocalizer as OL
  File "otp\otpbase\OTPLocalizer.py", line 21, in <module>
    if _except == True:
NameError: name '_except' is not defined
